# JRE version: Java(TM) SE Runtime Environment (8.0_181-b13) (build 1.8.0_181-b13)
# Java VM: Java HotSpot(TM) 64-Bit Server VM (25.181-b13 mixed mode windows-amd64 compressed oops)
Heap:
 PSYoungGen      total 83456K, used 44343K [0x00000000d5580000, 0x00000000de180000, 0x0000000100000000)
  eden space 78336K, 50% used [0x00000000d5580000,0x00000000d7bd5d68,0x00000000da200000)
  from space 5120K, 99% used [0x00000000ddc80000,0x00000000de178010,0x00000000de180000)
  to   space 5120K, 0% used [0x00000000dd780000,0x00000000dd780000,0x00000000ddc80000)
 ParOldGen       total 309760K, used 246240K [0x0000000080000000, 0x0000000092e80000, 0x00000000d5580000)
  object space 309760K, 79% used [0x0000000080000000,0x000000008f0781d8,0x0000000092e80000)
 Metaspace       used 7564K, capacity 7800K, committed 7936K, reserved 1056768K
  class space    used 869K, capacity 988K, committed 1024K, reserved 1048576K
GC Heap History (10 events):
Event: 0.639 GC heap before
{Heap before GC invocations=1 (full 0):
 PSYoungGen      total 38400K, used 33280K [0x00000000d5580000, 0x00000000d8000000, 0x0000000100000000)
  eden space 33280K, 100% used [0x00000000d5580000,0x00000000d7600000,0x00000000d7600000)
  from space 5120K, 0% used [0x00000000d7b00000,0x00000000d7b00000,0x00000000d8000000)
  to   space 5120K, 0% used [0x00000000d7600000,0x00000000d7600000,0x00000000d7b00000)
 ParOldGen       total 87552K, used 0K [0x0000000080000000, 0x0000000085580000, 0x00000000d5580000)
  object space 87552K, 0% used [0x0000000080000000,0x0000000080000000,0x0000000085580000)
 Metaspace       used 7146K, capacity 7396K, committed 7680K, reserved 1056768K
  class space    used 815K, capacity 918K, committed 1024K, reserved 1048576K
Event: 0.648 GC heap after
Heap after GC invocations=1 (full 0):
 PSYoungGen      total 38400K, used 5088K [0x00000000d5580000, 0x00000000da080000, 0x0000000100000000)
  eden space 33280K, 0% used [0x00000000d5580000,0x00000000d5580000,0x00000000d7600000)
  from space 5120K, 99% used [0x00000000d7600000,0x00000000d7af8030,0x00000000d7b00000)
  to   space 5120K, 0% used [0x00000000d9b80000,0x00000000d9b80000,0x00000000da080000)
 ParOldGen       total 87552K, used 9476K [0x0000000080000000, 0x0000000085580000, 0x00000000d5580000)
  object space 87552K, 10% used [0x0000000080000000,0x00000000809413a0,0x0000000085580000)
 Metaspace       used 7146K, capacity 7396K, committed 7680K, reserved 1056768K
  class space    used 815K, capacity 918K, committed 1024K, reserved 1048576K
}
Event: 1.006 GC heap before
{Heap before GC invocations=2 (full 0):
 PSYoungGen      total 38400K, used 38368K [0x00000000d5580000, 0x00000000da080000, 0x0000000100000000)
  eden space 33280K, 100% used [0x00000000d5580000,0x00000000d7600000,0x00000000d7600000)
  from space 5120K, 99% used [0x00000000d7600000,0x00000000d7af8030,0x00000000d7b00000)
  to   space 5120K, 0% used [0x00000000d9b80000,0x00000000d9b80000,0x00000000da080000)
 ParOldGen       total 87552K, used 9476K [0x0000000080000000, 0x0000000085580000, 0x00000000d5580000)
  object space 87552K, 10% used [0x0000000080000000,0x00000000809413a0,0x0000000085580000)
 Metaspace       used 7156K, capacity 7396K, committed 7680K, reserved 1056768K
  class space    used 815K, capacity 918K, committed 1024K, reserved 1048576K
Event: 1.021 GC heap after
Heap after GC invocations=2 (full 0):
 PSYoungGen      total 71680K, used 5088K [0x00000000d5580000, 0x00000000da080000, 0x0000000100000000)
  eden space 66560K, 0% used [0x00000000d5580000,0x00000000d5580000,0x00000000d9680000)
  from space 5120K, 99% used [0x00000000d9b80000,0x00000000da078040,0x00000000da080000)
  to   space 5120K, 0% used [0x00000000d9680000,0x00000000d9680000,0x00000000d9b80000)
 ParOldGen       total 87552K, used 29588K [0x0000000080000000, 0x0000000085580000, 0x00000000d5580000)
  object space 87552K, 33% used [0x0000000080000000,0x0000000081ce53c0,0x0000000085580000)
 Metaspace       used 7156K, capacity 7396K, committed 7680K, reserved 1056768K
  class space    used 815K, capacity 918K, committed 1024K, reserved 1048576K
}
Event: 1.857 GC heap before
{Heap before GC invocations=3 (full 0):
 PSYoungGen      total 71680K, used 71648K [0x00000000d5580000, 0x00000000da080000, 0x0000000100000000)
  eden space 66560K, 100% used [0x00000000d5580000,0x00000000d9680000,0x00000000d9680000)
  from space 5120K, 99% used [0x00000000d9b80000,0x00000000da078040,0x00000000da080000)
  to   space 5120K, 0% used [0x00000000d9680000,0x00000000d9680000,0x00000000d9b80000)
 ParOldGen       total 87552K, used 29588K [0x0000000080000000, 0x0000000085580000, 0x00000000d5580000)
  object space 87552K, 33% used [0x0000000080000000,0x0000000081ce53c0,0x0000000085580000)
 Metaspace       used 7156K, capacity 7396K, committed 7680K, reserved 1056768K
  class space    used 815K, capacity 918K, committed 1024K, reserved 1048576K
Event: 1.899 GC heap after
Heap after GC invocations=3 (full 0):
 PSYoungGen      total 71680K, used 5088K [0x00000000d5580000, 0x00000000de180000, 0x0000000100000000)
  eden space 66560K, 0% used [0x00000000d5580000,0x00000000d5580000,0x00000000d9680000)
  from space 5120K, 99% used [0x00000000d9680000,0x00000000d9b78030,0x00000000d9b80000)
  to   space 5120K, 0% used [0x00000000ddc80000,0x00000000ddc80000,0x00000000de180000)
 ParOldGen       total 87552K, used 70820K [0x0000000080000000, 0x0000000085580000, 0x00000000d5580000)
  object space 87552K, 80% used [0x0000000080000000,0x00000000845293e0,0x0000000085580000)
 Metaspace       used 7156K, capacity 7396K, committed 7680K, reserved 1056768K
  class space    used 815K, capacity 918K, committed 1024K, reserved 1048576K
}
Event: 1.899 GC heap before
{Heap before GC invocations=4 (full 1):
 PSYoungGen      total 71680K, used 5088K [0x00000000d5580000, 0x00000000de180000, 0x0000000100000000)
  eden space 66560K, 0% used [0x00000000d5580000,0x00000000d5580000,0x00000000d9680000)
  from space 5120K, 99% used [0x00000000d9680000,0x00000000d9b78030,0x00000000d9b80000)
  to   space 5120K, 0% used [0x00000000ddc80000,0x00000000ddc80000,0x00000000de180000)
 ParOldGen       total 87552K, used 70820K [0x0000000080000000, 0x0000000085580000, 0x00000000d5580000)
  object space 87552K, 80% used [0x0000000080000000,0x00000000845293e0,0x0000000085580000)
 Metaspace       used 7156K, capacity 7396K, committed 7680K, reserved 1056768K
  class space    used 815K, capacity 918K, committed 1024K, reserved 1048576K
Event: 2.271 GC heap after
Heap after GC invocations=4 (full 1):
 PSYoungGen      total 71680K, used 0K [0x00000000d5580000, 0x00000000de180000, 0x0000000100000000)
  eden space 66560K, 0% used [0x00000000d5580000,0x00000000d5580000,0x00000000d9680000)
  from space 5120K, 0% used [0x00000000d9680000,0x00000000d9680000,0x00000000d9b80000)
  to   space 5120K, 0% used [0x00000000ddc80000,0x00000000ddc80000,0x00000000de180000)
 ParOldGen       total 178176K, used 70368K [0x0000000080000000, 0x000000008ae00000, 0x00000000d5580000)
  object space 178176K, 39% used [0x0000000080000000,0x00000000844b8198,0x000000008ae00000)
 Metaspace       used 7156K, capacity 7396K, committed 7680K, reserved 1056768K
  class space    used 815K, capacity 918K, committed 1024K, reserved 1048576K
}
Event: 2.839 GC heap before
{Heap before GC invocations=5 (full 1):
 PSYoungGen      total 71680K, used 66560K [0x00000000d5580000, 0x00000000de180000, 0x0000000100000000)
  eden space 66560K, 100% used [0x00000000d5580000,0x00000000d9680000,0x00000000d9680000)
  from space 5120K, 0% used [0x00000000d9680000,0x00000000d9680000,0x00000000d9b80000)
  to   space 5120K, 0% used [0x00000000ddc80000,0x00000000ddc80000,0x00000000de180000)
 ParOldGen       total 178176K, used 70368K [0x0000000080000000, 0x000000008ae00000, 0x00000000d5580000)
  object space 178176K, 39% used [0x0000000080000000,0x00000000844b8198,0x000000008ae00000)
 Metaspace       used 7156K, capacity 7396K, committed 7680K, reserved 1056768K
  class space    used 815K, capacity 918K, committed 1024K, reserved 1048576K
Event: 2.876 GC heap after
Heap after GC invocations=5 (full 1):
 PSYoungGen      total 83456K, used 5088K [0x00000000d5580000, 0x00000000de180000, 0x0000000100000000)
  eden space 78336K, 0% used [0x00000000d5580000,0x00000000d5580000,0x00000000da200000)
  from space 5120K, 99% used [0x00000000ddc80000,0x00000000de178010,0x00000000de180000)
  to   space 5120K, 0% used [0x00000000dd780000,0x00000000dd780000,0x00000000ddc80000)
 ParOldGen       total 178176K, used 115168K [0x0000000080000000, 0x000000008ae00000, 0x00000000d5580000)
  object space 178176K, 64% used [0x0000000080000000,0x00000000870781b8,0x000000008ae00000)
 Metaspace       used 7156K, capacity 7396K, committed 7680K, reserved 1056768K
  class space    used 815K, capacity 918K, committed 1024K, reserved 1048576K
}

